


 ================================================= 
 	Tue Dec  8 10:15:09 2015 
 =================================================

 Retrieving all the process data .....
 Wrapping Processes Data into json .....
 Eliminating unnecessary json lists .....
 Appending CPU and RAM data of each process to json string .....


 ================================================= 
 	Tue Dec  8 10:28:36 2015 
 =================================================

 Retrieving all the process data .....
 Wrapping Processes Data into json .....
 Eliminating unnecessary json lists .....
 Appending CPU and RAM data of each process to json string .....


 ================================================= 
 	Tue Dec  8 10:47:20 2015 
 =================================================

 Retrieving all the process data .....
 Wrapping Processes Data into json .....
 Eliminating unnecessary json lists .....
 Appending CPU and RAM data of each process to json string .....


 ================================================= 
 	Tue Dec  8 10:50:58 2015 
 =================================================

 Retrieving all the process data .....
 Wrapping Processes Data into json .....
 Eliminating unnecessary json lists .....
 Appending CPU and RAM data of each process to json string .....


 ================================================= 
 	Tue Dec  8 10:52:00 2015 
 =================================================

 Retrieving all the process data .....
 Wrapping Processes Data into json .....
 Eliminating unnecessary json lists .....
 Appending CPU and RAM data of each process to json string .....


 ================================================= 
 	Tue Dec  8 10:52:21 2015 
 =================================================

 Retrieving all the process data .....
 Wrapping Processes Data into json .....
 Eliminating unnecessary json lists .....
 Appending CPU and RAM data of each process to json string .....


 ================================================= 
 	Tue Dec  8 11:07:22 2015 
 =================================================

 Retrieving all the process data .....
 Wrapping Processes Data into json .....
 Eliminating unnecessary json lists .....
 Appending CPU and RAM data of each process to json string .....


 ================================================= 
 	Tue Dec  8 11:09:48 2015 
 =================================================

 Retrieving all the process data .....
 Wrapping Processes Data into json .....
 Eliminating unnecessary json lists .....
 Appending CPU and RAM data of each process to json string .....


 ================================================= 
 	Tue Dec  8 11:12:18 2015 
 =================================================

 Retrieving all the process data .....
 Wrapping Processes Data into json .....
 Eliminating unnecessary json lists .....
 Appending CPU and RAM data of each process to json string .....


 ================================================= 
 	Tue Dec  8 11:12:36 2015 
 =================================================

 Retrieving all the process data .....
 Wrapping Processes Data into json .....
 Eliminating unnecessary json lists .....
 Appending CPU and RAM data of each process to json string .....


 ================================================= 
 	Tue Dec  8 11:13:11 2015 
 =================================================

 Retrieving all the process data .....
 Wrapping Processes Data into json .....
 Eliminating unnecessary json lists .....
 Appending CPU and RAM data of each process to json string .....


 ================================================= 
 	Tue Dec  8 11:13:40 2015 
 =================================================

 Retrieving all the process data .....
 Wrapping Processes Data into json .....
 Eliminating unnecessary json lists .....
 Appending CPU and RAM data of each process to json string .....


 ================================================= 
 	Tue Dec  8 11:23:09 2015 
 =================================================

 Retrieving all the process data .....
 Wrapping Processes Data into json .....
 Eliminating unnecessary json lists .....
 Appending CPU and RAM data of each process to json string .....


 ================================================= 
 	Tue Dec  8 11:26:49 2015 
 =================================================

 Retrieving all the process data .....
 Wrapping Processes Data into json .....
 Eliminating unnecessary json lists .....
 Appending CPU and RAM data of each process to json string .....


 ================================================= 
 	Tue Dec  8 11:27:10 2015 
 =================================================

 Retrieving all the process data .....
 Wrapping Processes Data into json .....
 Eliminating unnecessary json lists .....
 Appending CPU and RAM data of each process to json string .....


 ================================================= 
 	Tue Dec  8 11:28:06 2015 
 =================================================

 Retrieving all the process data .....
 Wrapping Processes Data into json .....
 Eliminating unnecessary json lists .....
 Appending CPU and RAM data of each process to json string .....


 ================================================= 
 	Tue Dec  8 11:28:48 2015 
 =================================================

 Retrieving all the process data .....
 Wrapping Processes Data into json .....
 Eliminating unnecessary json lists .....
 Appending CPU and RAM data of each process to json string .....


 ================================================= 
 	Tue Dec  8 11:29:38 2015 
 =================================================

 Retrieving all the process data .....
 Wrapping Processes Data into json .....
 Eliminating unnecessary json lists .....
 Appending CPU and RAM data of each process to json string .....


 ================================================= 
 	Tue Dec  8 11:30:32 2015 
 =================================================

 Retrieving all the process data .....
 Wrapping Processes Data into json .....
 Eliminating unnecessary json lists .....
 Appending CPU and RAM data of each process to json string .....